GAS LISTING C:\Users\Uzair\AppData\Local\Temp\ccynCS2f.s 			page 1


   1              		.file	"ffunicode.c"
   2              		.option nopic
   3              		.attribute arch, "rv32i2p0_m2p0_a2p0_c2p0"
   4              		.attribute unaligned_access, 0
   5              		.attribute stack_align, 16
   6              		.text
   7              	.Ltext0:
   8              		.cfi_sections	.debug_frame
   9              	.Letext0:
GAS LISTING C:\Users\Uzair\AppData\Local\Temp\ccynCS2f.s 			page 2


DEFINED SYMBOLS
                            *ABS*:0000000000000000 ffunicode.c
C:\Users\Uzair\AppData\Local\Temp\ccynCS2f.s:68     .debug_abbrev:0000000000000000 .Ldebug_abbrev0
C:\Users\Uzair\AppData\Local\Temp\ccynCS2f.s:132    .debug_str:000000000000009c .LASF10
C:\Users\Uzair\AppData\Local\Temp\ccynCS2f.s:140    .debug_str:0000000000000152 .LASF11
C:\Users\Uzair\AppData\Local\Temp\ccynCS2f.s:130    .debug_str:0000000000000048 .LASF12
C:\Users\Uzair\AppData\Local\Temp\ccynCS2f.s:118    .debug_line:0000000000000000 .Ldebug_line0
C:\Users\Uzair\AppData\Local\Temp\ccynCS2f.s:124    .debug_str:000000000000001f .LASF0
C:\Users\Uzair\AppData\Local\Temp\ccynCS2f.s:134    .debug_str:0000000000000124 .LASF1
C:\Users\Uzair\AppData\Local\Temp\ccynCS2f.s:128    .debug_str:000000000000003e .LASF2
C:\Users\Uzair\AppData\Local\Temp\ccynCS2f.s:126    .debug_str:000000000000002b .LASF3
C:\Users\Uzair\AppData\Local\Temp\ccynCS2f.s:136    .debug_str:0000000000000132 .LASF4
C:\Users\Uzair\AppData\Local\Temp\ccynCS2f.s:122    .debug_str:000000000000000d .LASF5
C:\Users\Uzair\AppData\Local\Temp\ccynCS2f.s:144    .debug_str:0000000000000163 .LASF6
C:\Users\Uzair\AppData\Local\Temp\ccynCS2f.s:138    .debug_str:000000000000013b .LASF7
C:\Users\Uzair\AppData\Local\Temp\ccynCS2f.s:120    .debug_str:0000000000000000 .LASF8
C:\Users\Uzair\AppData\Local\Temp\ccynCS2f.s:142    .debug_str:000000000000015e .LASF9
C:\Users\Uzair\AppData\Local\Temp\ccynCS2f.s:11     .debug_info:0000000000000000 .Ldebug_info0

NO UNDEFINED SYMBOLS
